<?xml version="1.0" encoding="UTF-8"?>
<!-- Generated by org.testng.reporters.JUnitXMLReporter -->
<testsuite ignored="0" hostname="DESKTOP-9OTVNOD" failures="0" tests="3" name="Default test" time="11.605" errors="0" timestamp="2023-01-10T21:54:52 EST">
  <testcase classname="com.swagLabs.sauceDemo.testScript.ProblemUserLogin" name="userName" time="0.767"/>
  <testcase classname="com.swagLabs.sauceDemo.testScript.ProblemUserLogin" name="password" time="0.192"/>
  <testcase classname="com.swagLabs.sauceDemo.testScript.ProblemUserLogin" name="login" time="0.621"/>
</testsuite> <!-- Default test -->
