<?xml version="1.0" encoding="UTF-8"?>
<!-- Generated by org.testng.reporters.JUnitXMLReporter -->
<testsuite ignored="0" hostname="DESKTOP-9OTVNOD" failures="0" tests="3" name="Default test" time="13.64" errors="0" timestamp="2022-12-27T21:58:16 EST">
  <testcase classname="basicTestng.SauceDemo" name="login" time="0.588"/>
  <testcase classname="basicTestng.SauceDemo" name="password" time="1.43"/>
  <testcase classname="basicTestng.SauceDemo" name="userName" time="0.814"/>
</testsuite> <!-- Default test -->
