<?xml version="1.0" encoding="UTF-8"?>
<!-- Generated by org.testng.reporters.JUnitXMLReporter -->
<testsuite ignored="2" hostname="DESKTOP-9OTVNOD" failures="0" tests="1" name="Default test(failed)" time="9.458" errors="0" timestamp="2023-01-12T19:46:36 EST">
  <testcase classname="com.swagLabs.sauceDemo.testScript.StandardUserLogin" name="userName" time="1.045"/>
  <testcase classname="com.swagLabs.sauceDemo.testScript.StandardUserLogin" name="password" time="0.0">
    <ignored/>
  </testcase> <!-- password -->
  <testcase classname="com.swagLabs.sauceDemo.testScript.StandardUserLogin" name="login" time="0.0">
    <ignored/>
  </testcase> <!-- login -->
</testsuite> <!-- Default test(failed) -->
