<?xml version="1.0" encoding="UTF-8"?>
<!-- Generated by org.testng.reporters.JUnitXMLReporter -->
<testsuite ignored="1" hostname="DESKTOP-9OTVNOD" failures="0" tests="2" name="Test" time="0.256" errors="0" timestamp="2022-12-29T21:37:43 EST">
  <testcase classname="basicTestng.BasicTestngLearning" name="testB" time="0.031"/>
  <testcase classname="basicTestng.BasicTestngLearning" name="testC" time="0.009"/>
  <testcase classname="basicTestng.BasicTestngLearning" name="testA" time="0.0">
    <ignored/>
  </testcase> <!-- testA -->
</testsuite> <!-- Test -->
