<?xml version="1.0" encoding="UTF-8"?>
<testng-results ignored="2" total="3" passed="1" failed="0" skipped="0">
  <reporter-output>
  </reporter-output>
  <suite started-at="2023-01-12T19:46:27 EST" name="Failed suite [Default suite]" finished-at="2023-01-12T19:46:36 EST" duration-ms="9458">
    <groups>
    </groups>
    <test started-at="2023-01-12T19:46:27 EST" name="Default test(failed)" finished-at="2023-01-12T19:46:36 EST" duration-ms="9458">
      <class name="com.swagLabs.sauceDemo.testScript.StandardUserLogin">
        <test-method is-config="true" signature="setUp()[pri:0, instance:com.swagLabs.sauceDemo.testScript.StandardUserLogin@29e495ff]" started-at="2023-01-12T19:46:27 EST" name="setUp" finished-at="2023-01-12T19:46:35 EST" duration-ms="8231" status="PASS">
          <reporter-output>
          </reporter-output>
        </test-method> <!-- setUp -->
        <test-method signature="userName()[pri:1, instance:com.swagLabs.sauceDemo.testScript.StandardUserLogin@29e495ff]" started-at="2023-01-12T19:46:35 EST" name="userName" finished-at="2023-01-12T19:46:36 EST" duration-ms="1045" status="PASS">
          <reporter-output>
          </reporter-output>
        </test-method> <!-- userName -->
        <test-method is-config="true" signature="closeBrowser()[pri:0, instance:com.swagLabs.sauceDemo.testScript.StandardUserLogin@29e495ff]" started-at="2023-01-12T19:46:36 EST" name="closeBrowser" finished-at="2023-01-12T19:46:36 EST" duration-ms="0" status="PASS">
          <reporter-output>
          </reporter-output>
        </test-method> <!-- closeBrowser -->
      </class> <!-- com.swagLabs.sauceDemo.testScript.StandardUserLogin -->
    </test> <!-- Default test(failed) -->
  </suite> <!-- Failed suite [Default suite] -->
</testng-results>
